# JRE version: Java(TM) SE Runtime Environment (14.0.1+7) (build 14.0.1+7)
# Java VM: Java HotSpot(TM) 64-Bit Server VM (14.0.1+7, mixed mode, sharing, tiered, compressed oops, g1 gc, windows-amd64)
Heap:
 garbage-first heap   total 126976K, used 46100K [0x0000000084e00000, 0x0000000100000000)
  region size 1024K, 39 young (39936K), 2 survivors (2048K)
 Metaspace       used 9688K, capacity 10913K, committed 11008K, reserved 1058816K
  class space    used 1210K, capacity 1476K, committed 1536K, reserved 1048576K
GC Heap History (6 events):
Event: 1.340 GC heap before
{Heap before GC invocations=0 (full 0):
 garbage-first heap   total 126976K, used 13312K [0x0000000084e00000, 0x0000000100000000)
  region size 1024K, 13 young (13312K), 0 survivors (0K)
 Metaspace       used 1847K, capacity 4882K, committed 5120K, reserved 1056768K
  class space    used 176K, capacity 479K, committed 512K, reserved 1048576K
}
Event: 1.366 GC heap after
{Heap after GC invocations=1 (full 0):
 garbage-first heap   total 126976K, used 8113K [0x0000000084e00000, 0x0000000100000000)
  region size 1024K, 2 young (2048K), 2 survivors (2048K)
 Metaspace       used 1847K, capacity 4882K, committed 5120K, reserved 1056768K
  class space    used 176K, capacity 479K, committed 512K, reserved 1048576K
}
Event: 1.866 GC heap before
{Heap before GC invocations=1 (full 0):
 garbage-first heap   total 126976K, used 15281K [0x0000000084e00000, 0x0000000100000000)
  region size 1024K, 10 young (10240K), 2 survivors (2048K)
 Metaspace       used 3170K, capacity 5508K, committed 5760K, reserved 1056768K
  class space    used 334K, capacity 578K, committed 640K, reserved 1048576K
}
Event: 1.871 GC heap after
{Heap after GC invocations=2 (full 0):
 garbage-first heap   total 126976K, used 8688K [0x0000000084e00000, 0x0000000100000000)
  region size 1024K, 1 young (1024K), 1 survivors (1024K)
 Metaspace       used 3170K, capacity 5508K, committed 5760K, reserved 1056768K
  class space    used 334K, capacity 578K, committed 640K, reserved 1048576K
}
Event: 2.554 GC heap before
{Heap before GC invocations=2 (full 0):
 garbage-first heap   total 126976K, used 29168K [0x0000000084e00000, 0x0000000100000000)
  region size 1024K, 21 young (21504K), 1 survivors (1024K)
 Metaspace       used 5431K, capacity 7465K, committed 7680K, reserved 1056768K
  class space    used 671K, capacity 987K, committed 1024K, reserved 1048576K
}
Event: 2.559 GC heap after
{Heap after GC invocations=3 (full 0):
 garbage-first heap   total 126976K, used 9236K [0x0000000084e00000, 0x0000000100000000)
  region size 1024K, 2 young (2048K), 2 survivors (2048K)
 Metaspace       used 5431K, capacity 7465K, committed 7680K, reserved 1056768K
  class space    used 671K, capacity 987K, committed 1024K, reserved 1048576K
}

