# JRE version: Java(TM) SE Runtime Environment (14.0.1+7) (build 14.0.1+7)
# Java VM: Java HotSpot(TM) 64-Bit Server VM (14.0.1+7, mixed mode, sharing, tiered, compressed oops, g1 gc, windows-amd64)
Heap:
 garbage-first heap   total 126976K, used 45920K [0x0000000084e00000, 0x0000000100000000)
  region size 1024K, 39 young (39936K), 2 survivors (2048K)
 Metaspace       used 9899K, capacity 11144K, committed 11264K, reserved 1058816K
  class space    used 1238K, capacity 1512K, committed 1536K, reserved 1048576K
GC Heap History (6 events):
Event: 1.043 GC heap before
{Heap before GC invocations=0 (full 0):
 garbage-first heap   total 126976K, used 13312K [0x0000000084e00000, 0x0000000100000000)
  region size 1024K, 13 young (13312K), 0 survivors (0K)
 Metaspace       used 1809K, capacity 4888K, committed 5120K, reserved 1056768K
  class space    used 174K, capacity 481K, committed 512K, reserved 1048576K
}
Event: 1.070 GC heap after
{Heap after GC invocations=1 (full 0):
 garbage-first heap   total 126976K, used 7926K [0x0000000084e00000, 0x0000000100000000)
  region size 1024K, 2 young (2048K), 2 survivors (2048K)
 Metaspace       used 1809K, capacity 4888K, committed 5120K, reserved 1056768K
  class space    used 174K, capacity 481K, committed 512K, reserved 1048576K
}
Event: 1.437 GC heap before
{Heap before GC invocations=1 (full 0):
 garbage-first heap   total 126976K, used 17142K [0x0000000084e00000, 0x0000000100000000)
  region size 1024K, 11 young (11264K), 2 survivors (2048K)
 Metaspace       used 3257K, capacity 5629K, committed 5760K, reserved 1056768K
  class space    used 353K, capacity 619K, committed 640K, reserved 1048576K
}
Event: 1.443 GC heap after
{Heap after GC invocations=2 (full 0):
 garbage-first heap   total 126976K, used 8549K [0x0000000084e00000, 0x0000000100000000)
  region size 1024K, 1 young (1024K), 1 survivors (1024K)
 Metaspace       used 3257K, capacity 5629K, committed 5760K, reserved 1056768K
  class space    used 353K, capacity 619K, committed 640K, reserved 1048576K
}
Event: 2.101 GC heap before
{Heap before GC invocations=2 (full 0):
 garbage-first heap   total 126976K, used 28005K [0x0000000084e00000, 0x0000000100000000)
  region size 1024K, 20 young (20480K), 1 survivors (1024K)
 Metaspace       used 5422K, capacity 7465K, committed 7680K, reserved 1056768K
  class space    used 676K, capacity 987K, committed 1024K, reserved 1048576K
}
Event: 2.107 GC heap after
{Heap after GC invocations=3 (full 0):
 garbage-first heap   total 126976K, used 9056K [0x0000000084e00000, 0x0000000100000000)
  region size 1024K, 2 young (2048K), 2 survivors (2048K)
 Metaspace       used 5422K, capacity 7465K, committed 7680K, reserved 1056768K
  class space    used 676K, capacity 987K, committed 1024K, reserved 1048576K
}

