# JRE version: Java(TM) SE Runtime Environment (14.0.1+7) (build 14.0.1+7)
# Java VM: Java HotSpot(TM) 64-Bit Server VM (14.0.1+7, mixed mode, sharing, tiered, compressed oops, g1 gc, windows-amd64)
Heap:
 garbage-first heap   total 126976K, used 45992K [0x0000000084e00000, 0x0000000100000000)
  region size 1024K, 38 young (38912K), 1 survivors (1024K)
 Metaspace       used 9950K, capacity 11211K, committed 11264K, reserved 1058816K
  class space    used 1244K, capacity 1512K, committed 1536K, reserved 1048576K
GC Heap History (6 events):
Event: 1.144 GC heap before
{Heap before GC invocations=0 (full 0):
 garbage-first heap   total 126976K, used 13312K [0x0000000084e00000, 0x0000000100000000)
  region size 1024K, 13 young (13312K), 0 survivors (0K)
 Metaspace       used 1930K, capacity 4895K, committed 5120K, reserved 1056768K
  class space    used 181K, capacity 482K, committed 512K, reserved 1048576K
}
Event: 1.163 GC heap after
{Heap after GC invocations=1 (full 0):
 garbage-first heap   total 126976K, used 8280K [0x0000000084e00000, 0x0000000100000000)
  region size 1024K, 2 young (2048K), 2 survivors (2048K)
 Metaspace       used 1930K, capacity 4895K, committed 5120K, reserved 1056768K
  class space    used 181K, capacity 482K, committed 512K, reserved 1048576K
}
Event: 1.648 GC heap before
{Heap before GC invocations=1 (full 0):
 garbage-first heap   total 126976K, used 16472K [0x0000000084e00000, 0x0000000100000000)
  region size 1024K, 10 young (10240K), 2 survivors (2048K)
 Metaspace       used 3121K, capacity 5496K, committed 5760K, reserved 1056768K
  class space    used 320K, capacity 573K, committed 640K, reserved 1048576K
}
Event: 1.653 GC heap after
{Heap after GC invocations=2 (full 0):
 garbage-first heap   total 126976K, used 8561K [0x0000000084e00000, 0x0000000100000000)
  region size 1024K, 1 young (1024K), 1 survivors (1024K)
 Metaspace       used 3121K, capacity 5496K, committed 5760K, reserved 1056768K
  class space    used 320K, capacity 573K, committed 640K, reserved 1048576K
}
Event: 2.505 GC heap before
{Heap before GC invocations=2 (full 0):
 garbage-first heap   total 126976K, used 31089K [0x0000000084e00000, 0x0000000100000000)
  region size 1024K, 23 young (23552K), 1 survivors (1024K)
 Metaspace       used 5551K, capacity 7575K, committed 7680K, reserved 1056768K
  class space    used 700K, capacity 1003K, committed 1024K, reserved 1048576K
}
Event: 2.510 GC heap after
{Heap after GC invocations=3 (full 0):
 garbage-first heap   total 126976K, used 9128K [0x0000000084e00000, 0x0000000100000000)
  region size 1024K, 1 young (1024K), 1 survivors (1024K)
 Metaspace       used 5551K, capacity 7575K, committed 7680K, reserved 1056768K
  class space    used 700K, capacity 1003K, committed 1024K, reserved 1048576K
}

